[debug] [2023-12-31T09:22:13.581Z] ----------------------------------------------------------------------
[debug] [2023-12-31T09:22:13.584Z] Command:       C:\Program Files\nodejs\node.exe C:\Users\김아름\AppData\Roaming\npm\node_modules\firebase-tools\lib\bin\firebase.js functions:shell
[debug] [2023-12-31T09:22:13.584Z] CLI Version:   13.0.2
[debug] [2023-12-31T09:22:13.585Z] Platform:      win32
[debug] [2023-12-31T09:22:13.585Z] Node Version:  v18.18.0
[debug] [2023-12-31T09:22:13.587Z] Time:          Sun Dec 31 2023 18:22:13 GMT+0900 (대한민국 표준시)
[debug] [2023-12-31T09:22:13.587Z] ----------------------------------------------------------------------
[debug] 
[debug] [2023-12-31T09:22:13.702Z] > command requires scopes: ["email","openid","https://www.googleapis.com/auth/cloudplatformprojects.readonly","https://www.googleapis.com/auth/firebase","https://www.googleapis.com/auth/cloud-platform"]
[debug] [2023-12-31T09:22:13.705Z] > authorizing via signed-in user (aarreum0307@gmail.com)
[debug] [2023-12-31T09:22:13.705Z] [iam] checking project weather-eottae-49fe1 for permissions ["firebase.projects.get"]
[debug] [2023-12-31T09:22:13.709Z] >>> [apiv2][query] POST https://cloudresourcemanager.googleapis.com/v1/projects/weather-eottae-49fe1:testIamPermissions [none]
[debug] [2023-12-31T09:22:13.709Z] >>> [apiv2][(partial)header] POST https://cloudresourcemanager.googleapis.com/v1/projects/weather-eottae-49fe1:testIamPermissions x-goog-quota-user=projects/weather-eottae-49fe1
[debug] [2023-12-31T09:22:13.709Z] >>> [apiv2][body] POST https://cloudresourcemanager.googleapis.com/v1/projects/weather-eottae-49fe1:testIamPermissions {"permissions":["firebase.projects.get"]}
[debug] [2023-12-31T09:22:14.934Z] <<< [apiv2][status] POST https://cloudresourcemanager.googleapis.com/v1/projects/weather-eottae-49fe1:testIamPermissions 200
[debug] [2023-12-31T09:22:14.936Z] <<< [apiv2][body] POST https://cloudresourcemanager.googleapis.com/v1/projects/weather-eottae-49fe1:testIamPermissions {"permissions":["firebase.projects.get"]}
[debug] [2023-12-31T09:22:14.948Z] [functions] Functions Emulator only supports listening on one address (127.0.0.1). Not listening on ::1
[debug] [2023-12-31T09:22:14.954Z] defaultcredentials: writing to file C:\Users\김아름\AppData\Roaming\firebase\aarreum0307_gmail_com_application_default_credentials.json
[debug] [2023-12-31T09:22:14.958Z] DEBUG: Setting GAC to C:\Users\김아름\AppData\Roaming\firebase\aarreum0307_gmail_com_application_default_credentials.json
[debug] [2023-12-31T09:22:14.960Z] >>> [apiv2][query] GET https://firebase.googleapis.com/v1beta1/projects/weather-eottae-49fe1/adminSdkConfig [none]
[debug] [2023-12-31T09:22:16.070Z] <<< [apiv2][status] GET https://firebase.googleapis.com/v1beta1/projects/weather-eottae-49fe1/adminSdkConfig 200
[debug] [2023-12-31T09:22:16.070Z] <<< [apiv2][body] GET https://firebase.googleapis.com/v1beta1/projects/weather-eottae-49fe1/adminSdkConfig {"projectId":"weather-eottae-49fe1","storageBucket":"weather-eottae-49fe1.appspot.com","locationId":"asia-northeast3"}
[debug] [2023-12-31T09:22:16.089Z] [functions] Watching "C:\Users\김아름\Desktop\3차프젝\frontend\functions" for Cloud Functions...
[debug] [2023-12-31T09:22:16.099Z] Validating nodejs source
[debug] [2023-12-31T09:22:19.631Z] > [functions] package.json contents: {
  "name": "functions",
  "description": "Cloud Functions for Firebase",
  "scripts": {
    "serve": "firebase emulators:start --only functions",
    "shell": "firebase functions:shell",
    "start": "npm run shell",
    "deploy": "firebase deploy --only functions",
    "logs": "firebase functions:log"
  },
  "engines": {
    "node": "18"
  },
  "main": "index.js",
  "dependencies": {
    "busboy": "^1.6.0",
    "cors": "^2.8.5",
    "firebase-admin": "^11.11.1",
    "firebase-functions": "^4.3.1",
    "formidable": "^3.5.1",
    "multer": "^1.4.5-lts.1",
    "uuid": "^9.0.1"
  },
  "devDependencies": {
    "firebase-functions-test": "^3.1.0"
  },
  "private": true
}
[debug] [2023-12-31T09:22:19.633Z] Building nodejs source
[debug] [2023-12-31T09:22:19.634Z] Failed to find version of module node: reached end of search path C:\Users\김아름\Desktop\3차프젝\frontend\functions\node_modules
[info] +  functions: Using node@18 from host. 
[debug] [2023-12-31T09:22:19.639Z] Could not find functions.yaml. Must use http discovery
[debug] [2023-12-31T09:22:19.650Z] Found firebase-functions binary at 'C:\Users\김아름\Desktop\3차프젝\frontend\functions\node_modules\.bin\firebase-functions'
[info] Serving at port 8348

[debug] [2023-12-31T09:22:21.547Z] Got response from /__/functions.yaml {"endpoints":{"api":{"platform":"gcfv1","availableMemoryMb":null,"timeoutSeconds":null,"minInstances":null,"maxInstances":null,"ingressSettings":null,"serviceAccountEmail":null,"vpc":null,"httpsTrigger":{},"entryPoint":"api"}},"specVersion":"v1alpha1","requiredAPIs":[]}
[debug] [2023-12-31T09:22:21.577Z] [functions] Loaded functions definitions from source: api.
[debug] [2023-12-31T09:22:21.578Z] [functions[us-central1-api]] http function initialized (http://127.0.0.1:5000/weather-eottae-49fe1/us-central1/api).
[info] i  functions: Loaded functions: api 
[warn] !  functions: The following emulators are not running, calls to these services will affect production: firestore, database, pubsub, storage, eventarc 
[debug] [2023-12-31T09:39:26.852Z] DEBUG: File C:\Users\김아름\Desktop\3차프젝\frontend\functions\index.js changed, reloading triggers
[debug] [2023-12-31T09:39:27.930Z] Validating nodejs source
[debug] [2023-12-31T09:39:33.521Z] > [functions] package.json contents: {
  "name": "functions",
  "description": "Cloud Functions for Firebase",
  "scripts": {
    "serve": "firebase emulators:start --only functions",
    "shell": "firebase functions:shell",
    "start": "npm run shell",
    "deploy": "firebase deploy --only functions",
    "logs": "firebase functions:log"
  },
  "engines": {
    "node": "18"
  },
  "main": "index.js",
  "dependencies": {
    "busboy": "^1.6.0",
    "cors": "^2.8.5",
    "firebase-admin": "^11.8.0",
    "firebase-functions": "^4.3.1",
    "formidable": "^3.5.1",
    "multer": "^1.4.5-lts.1"
  },
  "devDependencies": {
    "firebase-functions-test": "^3.1.0"
  },
  "private": true
}
[debug] [2023-12-31T09:39:33.523Z] Building nodejs source
[debug] [2023-12-31T09:39:33.525Z] Failed to find version of module node: reached end of search path C:\Users\김아름\Desktop\3차프젝\frontend\functions\node_modules
[info] +  functions: Using node@18 from host. 
[debug] [2023-12-31T09:39:33.539Z] Could not find functions.yaml. Must use http discovery
[debug] [2023-12-31T09:39:33.566Z] Found firebase-functions binary at 'C:\Users\김아름\Desktop\3차프젝\frontend\functions\node_modules\.bin\firebase-functions'
[info] Serving at port 8168

[error] C:\Users\김아름\Desktop\3차프젝\frontend\functions\index.js:42
					weather-eottae-49fe1.appspot.com
					               ^^

SyntaxError: Invalid or unexpected token
    at internalCompileFunction (node:internal/vm:73:18)
    at wrapSafe (node:internal/modules/cjs/loader:1178:20)
    at Module._compile (node:internal/modules/cjs/loader:1220:27)
    at Module._extensions..js (node:internal/modules/cjs/loader:1310:10)
    at Module.load (node:internal/modules/cjs/loader:1119:32)
    at Module._load (node:internal/modules/cjs/loader:960:12)
    at Module.require (node:internal/modules/cjs/loader:1143:19)
    at require (node:internal/modules/cjs/helpers:119:18)
    at loadModule (C:\Users\김아름\Desktop\3차프젝\frontend\functions\node_modules\firebase-functions\lib\runtime\loader.js:40:16)
    at loadStack (C:\Users\김아름\Desktop\3차프젝\frontend\functions\node_modules\firebase-functions\lib\runtime\loader.js:93:23)

[debug] [2023-12-31T09:39:34.366Z] Got response code 400; body Failed to generate manifest from function source: SyntaxError: Invalid or unexpected token
[error] !!  functions: Failed to load function definition from source: FirebaseError: Functions codebase could not be analyzed successfully. It may have a syntax or runtime error {"metadata":{"emulator":{"name":"functions"},"message":"Failed to load function definition from source: FirebaseError: Functions codebase could not be analyzed successfully. It may have a syntax or runtime error"}}
[debug] [2023-12-31T09:39:38.752Z] DEBUG: File C:\Users\김아름\Desktop\3차프젝\frontend\functions\index.js changed, reloading triggers
[debug] [2023-12-31T09:39:39.766Z] Validating nodejs source
[debug] [2023-12-31T09:39:43.973Z] > [functions] package.json contents: {
  "name": "functions",
  "description": "Cloud Functions for Firebase",
  "scripts": {
    "serve": "firebase emulators:start --only functions",
    "shell": "firebase functions:shell",
    "start": "npm run shell",
    "deploy": "firebase deploy --only functions",
    "logs": "firebase functions:log"
  },
  "engines": {
    "node": "18"
  },
  "main": "index.js",
  "dependencies": {
    "busboy": "^1.6.0",
    "cors": "^2.8.5",
    "firebase-admin": "^11.8.0",
    "firebase-functions": "^4.3.1",
    "formidable": "^3.5.1",
    "multer": "^1.4.5-lts.1"
  },
  "devDependencies": {
    "firebase-functions-test": "^3.1.0"
  },
  "private": true
}
[debug] [2023-12-31T09:39:43.974Z] Building nodejs source
[debug] [2023-12-31T09:39:43.974Z] Failed to find version of module node: reached end of search path C:\Users\김아름\Desktop\3차프젝\frontend\functions\node_modules
[info] +  functions: Using node@18 from host. 
[debug] [2023-12-31T09:39:43.977Z] Could not find functions.yaml. Must use http discovery
[debug] [2023-12-31T09:39:43.982Z] Found firebase-functions binary at 'C:\Users\김아름\Desktop\3차프젝\frontend\functions\node_modules\.bin\firebase-functions'
[info] Serving at port 8346

[debug] [2023-12-31T09:39:45.637Z] Got response from /__/functions.yaml {"endpoints":{"api":{"platform":"gcfv1","availableMemoryMb":null,"timeoutSeconds":null,"minInstances":null,"maxInstances":null,"ingressSettings":null,"serviceAccountEmail":null,"vpc":null,"httpsTrigger":{},"entryPoint":"api"}},"specVersion":"v1alpha1","requiredAPIs":[]}
[debug] [2023-12-31T09:39:45.679Z] [functions] Loaded functions definitions from source: api.
[debug] [2023-12-31T11:13:52.982Z] DEBUG: File C:\Users\김아름\Desktop\3차프젝\frontend\functions\index.js changed, reloading triggers
[debug] [2023-12-31T11:13:54.020Z] Validating nodejs source
[debug] [2023-12-31T11:13:59.232Z] > [functions] package.json contents: {
  "name": "functions",
  "description": "Cloud Functions for Firebase",
  "scripts": {
    "serve": "firebase emulators:start --only functions",
    "shell": "firebase functions:shell",
    "start": "npm run shell",
    "deploy": "firebase deploy --only functions",
    "logs": "firebase functions:log"
  },
  "engines": {
    "node": "18"
  },
  "main": "index.js",
  "dependencies": {
    "busboy": "^1.6.0",
    "cors": "^2.8.5",
    "firebase-admin": "^11.8.0",
    "firebase-functions": "^4.3.1",
    "formidable": "^3.5.1",
    "multer": "^1.4.5-lts.1"
  },
  "devDependencies": {
    "firebase-functions-test": "^3.1.0"
  },
  "private": true
}
[debug] [2023-12-31T11:13:59.233Z] Building nodejs source
[debug] [2023-12-31T11:13:59.234Z] Failed to find version of module node: reached end of search path C:\Users\김아름\Desktop\3차프젝\frontend\functions\node_modules
[info] +  functions: Using node@18 from host. 
[debug] [2023-12-31T11:13:59.263Z] Could not find functions.yaml. Must use http discovery
[debug] [2023-12-31T11:13:59.290Z] Found firebase-functions binary at 'C:\Users\김아름\Desktop\3차프젝\frontend\functions\node_modules\.bin\firebase-functions'
[info] Serving at port 8586

[debug] [2023-12-31T11:14:01.298Z] Got response from /__/functions.yaml {"endpoints":{"api":{"platform":"gcfv1","availableMemoryMb":null,"timeoutSeconds":null,"minInstances":null,"maxInstances":null,"ingressSettings":null,"serviceAccountEmail":null,"vpc":null,"httpsTrigger":{},"entryPoint":"api"}},"specVersion":"v1alpha1","requiredAPIs":[]}
[debug] [2023-12-31T11:14:01.328Z] [functions] Loaded functions definitions from source: api.
[debug] [2024-01-02T06:47:17.906Z] DEBUG: File C:\Users\김아름\Desktop\3차프젝\frontend\functions\index.js changed, reloading triggers
[debug] [2024-01-02T06:47:18.926Z] Validating nodejs source
[debug] [2024-01-02T06:47:22.104Z] > [functions] package.json contents: {
  "name": "functions",
  "description": "Cloud Functions for Firebase",
  "scripts": {
    "serve": "firebase emulators:start --only functions",
    "shell": "firebase functions:shell",
    "start": "npm run shell",
    "deploy": "firebase deploy --only functions",
    "logs": "firebase functions:log"
  },
  "engines": {
    "node": "18"
  },
  "main": "index.js",
  "dependencies": {
    "busboy": "^1.6.0",
    "cors": "^2.8.5",
    "firebase-admin": "^11.8.0",
    "firebase-functions": "^4.3.1",
    "formidable": "^3.5.1",
    "multer": "^1.4.5-lts.1"
  },
  "devDependencies": {
    "firebase-functions-test": "^3.1.0"
  },
  "private": true
}
[debug] [2024-01-02T06:47:22.105Z] Building nodejs source
[debug] [2024-01-02T06:47:22.106Z] Failed to find version of module node: reached end of search path C:\Users\김아름\Desktop\3차프젝\frontend\functions\node_modules
[info] +  functions: Using node@18 from host. 
[debug] [2024-01-02T06:47:22.111Z] Could not find functions.yaml. Must use http discovery
[debug] [2024-01-02T06:47:22.121Z] Found firebase-functions binary at 'C:\Users\김아름\Desktop\3차프젝\frontend\functions\node_modules\.bin\firebase-functions'
[info] Serving at port 8698

[debug] [2024-01-02T06:47:23.758Z] Got response from /__/functions.yaml {"endpoints":{"api":{"platform":"gcfv1","availableMemoryMb":null,"timeoutSeconds":null,"minInstances":null,"maxInstances":null,"ingressSettings":null,"serviceAccountEmail":null,"vpc":null,"httpsTrigger":{},"entryPoint":"api"}},"specVersion":"v1alpha1","requiredAPIs":[]}
[debug] [2024-01-02T06:47:23.785Z] [functions] Loaded functions definitions from source: api.
[debug] [2024-01-02T07:08:52.684Z] DEBUG: File C:\Users\김아름\Desktop\3차프젝\frontend\functions\index.js changed, reloading triggers
[debug] [2024-01-02T07:08:53.719Z] Validating nodejs source
[debug] [2024-01-02T07:08:57.573Z] > [functions] package.json contents: {
  "name": "functions",
  "description": "Cloud Functions for Firebase",
  "scripts": {
    "serve": "firebase emulators:start --only functions",
    "shell": "firebase functions:shell",
    "start": "npm run shell",
    "deploy": "firebase deploy --only functions",
    "logs": "firebase functions:log"
  },
  "engines": {
    "node": "18"
  },
  "main": "index.js",
  "dependencies": {
    "busboy": "^1.6.0",
    "cors": "^2.8.5",
    "firebase-admin": "^11.8.0",
    "firebase-functions": "^4.3.1",
    "formidable": "^3.5.1",
    "multer": "^1.4.5-lts.1"
  },
  "devDependencies": {
    "firebase-functions-test": "^3.1.0"
  },
  "private": true
}
[debug] [2024-01-02T07:08:57.574Z] Building nodejs source
[debug] [2024-01-02T07:08:57.575Z] Failed to find version of module node: reached end of search path C:\Users\김아름\Desktop\3차프젝\frontend\functions\node_modules
[info] +  functions: Using node@18 from host. 
[debug] [2024-01-02T07:08:57.586Z] Could not find functions.yaml. Must use http discovery
[debug] [2024-01-02T07:08:57.601Z] Found firebase-functions binary at 'C:\Users\김아름\Desktop\3차프젝\frontend\functions\node_modules\.bin\firebase-functions'
[info] Serving at port 8581

[debug] [2024-01-02T07:08:59.668Z] Got response from /__/functions.yaml {"endpoints":{"api":{"platform":"gcfv1","availableMemoryMb":null,"timeoutSeconds":null,"minInstances":null,"maxInstances":null,"ingressSettings":null,"serviceAccountEmail":null,"vpc":null,"httpsTrigger":{},"entryPoint":"api"}},"specVersion":"v1alpha1","requiredAPIs":[]}
[debug] [2024-01-02T07:08:59.699Z] [functions] Loaded functions definitions from source: api.
[debug] [2024-01-02T07:09:38.463Z] DEBUG: File C:\Users\김아름\Desktop\3차프젝\frontend\functions\index.js changed, reloading triggers
[debug] [2024-01-02T07:09:39.478Z] Validating nodejs source
[debug] [2024-01-02T07:09:42.035Z] > [functions] package.json contents: {
  "name": "functions",
  "description": "Cloud Functions for Firebase",
  "scripts": {
    "serve": "firebase emulators:start --only functions",
    "shell": "firebase functions:shell",
    "start": "npm run shell",
    "deploy": "firebase deploy --only functions",
    "logs": "firebase functions:log"
  },
  "engines": {
    "node": "18"
  },
  "main": "index.js",
  "dependencies": {
    "busboy": "^1.6.0",
    "cors": "^2.8.5",
    "firebase-admin": "^11.8.0",
    "firebase-functions": "^4.3.1",
    "formidable": "^3.5.1",
    "multer": "^1.4.5-lts.1"
  },
  "devDependencies": {
    "firebase-functions-test": "^3.1.0"
  },
  "private": true
}
[debug] [2024-01-02T07:09:42.036Z] Building nodejs source
[debug] [2024-01-02T07:09:42.036Z] Failed to find version of module node: reached end of search path C:\Users\김아름\Desktop\3차프젝\frontend\functions\node_modules
[info] +  functions: Using node@18 from host. 
[debug] [2024-01-02T07:09:42.038Z] Could not find functions.yaml. Must use http discovery
[debug] [2024-01-02T07:09:42.047Z] Found firebase-functions binary at 'C:\Users\김아름\Desktop\3차프젝\frontend\functions\node_modules\.bin\firebase-functions'
[info] Serving at port 8817

[debug] [2024-01-02T07:09:43.528Z] Got response from /__/functions.yaml {"endpoints":{"api":{"platform":"gcfv1","availableMemoryMb":null,"timeoutSeconds":null,"minInstances":null,"maxInstances":null,"ingressSettings":null,"serviceAccountEmail":null,"vpc":null,"httpsTrigger":{},"entryPoint":"api"}},"specVersion":"v1alpha1","requiredAPIs":[]}
[debug] [2024-01-02T07:09:43.553Z] [functions] Loaded functions definitions from source: api.
[debug] [2024-01-02T07:19:19.779Z] DEBUG: File C:\Users\김아름\Desktop\3차프젝\frontend\functions\index.js changed, reloading triggers
[debug] [2024-01-02T07:19:20.831Z] Validating nodejs source
[debug] [2024-01-02T07:19:24.108Z] > [functions] package.json contents: {
  "name": "functions",
  "description": "Cloud Functions for Firebase",
  "scripts": {
    "serve": "firebase emulators:start --only functions",
    "shell": "firebase functions:shell",
    "start": "npm run shell",
    "deploy": "firebase deploy --only functions",
    "logs": "firebase functions:log"
  },
  "engines": {
    "node": "18"
  },
  "main": "index.js",
  "dependencies": {
    "busboy": "^1.6.0",
    "cors": "^2.8.5",
    "firebase-admin": "^11.8.0",
    "firebase-functions": "^4.3.1",
    "formidable": "^3.5.1",
    "multer": "^1.4.5-lts.1"
  },
  "devDependencies": {
    "firebase-functions-test": "^3.1.0"
  },
  "private": true
}
[debug] [2024-01-02T07:19:24.109Z] Building nodejs source
[debug] [2024-01-02T07:19:24.109Z] Failed to find version of module node: reached end of search path C:\Users\김아름\Desktop\3차프젝\frontend\functions\node_modules
[info] +  functions: Using node@18 from host. 
[debug] [2024-01-02T07:19:24.116Z] Could not find functions.yaml. Must use http discovery
[debug] [2024-01-02T07:19:24.127Z] Found firebase-functions binary at 'C:\Users\김아름\Desktop\3차프젝\frontend\functions\node_modules\.bin\firebase-functions'
[info] Serving at port 8465

[debug] [2024-01-02T07:19:25.366Z] Got response from /__/functions.yaml {"endpoints":{"api":{"platform":"gcfv1","availableMemoryMb":null,"timeoutSeconds":null,"minInstances":null,"maxInstances":null,"ingressSettings":null,"serviceAccountEmail":null,"vpc":null,"httpsTrigger":{},"entryPoint":"api"}},"specVersion":"v1alpha1","requiredAPIs":[]}
[debug] [2024-01-02T07:19:25.395Z] [functions] Loaded functions definitions from source: api.
[debug] [2024-01-02T07:31:57.838Z] DEBUG: File C:\Users\김아름\Desktop\3차프젝\frontend\functions\index.js changed, reloading triggers
[debug] [2024-01-02T07:31:58.866Z] Validating nodejs source
[debug] [2024-01-02T07:32:02.027Z] > [functions] package.json contents: {
  "name": "functions",
  "description": "Cloud Functions for Firebase",
  "scripts": {
    "serve": "firebase emulators:start --only functions",
    "shell": "firebase functions:shell",
    "start": "npm run shell",
    "deploy": "firebase deploy --only functions",
    "logs": "firebase functions:log"
  },
  "engines": {
    "node": "18"
  },
  "main": "index.js",
  "dependencies": {
    "busboy": "^1.6.0",
    "cors": "^2.8.5",
    "firebase-admin": "^11.8.0",
    "firebase-functions": "^4.3.1",
    "formidable": "^3.5.1",
    "multer": "^1.4.5-lts.1"
  },
  "devDependencies": {
    "firebase-functions-test": "^3.1.0"
  },
  "private": true
}
[debug] [2024-01-02T07:32:02.028Z] Building nodejs source
[debug] [2024-01-02T07:32:02.029Z] Failed to find version of module node: reached end of search path C:\Users\김아름\Desktop\3차프젝\frontend\functions\node_modules
[info] +  functions: Using node@18 from host. 
[debug] [2024-01-02T07:32:02.039Z] Could not find functions.yaml. Must use http discovery
[debug] [2024-01-02T07:32:02.052Z] Found firebase-functions binary at 'C:\Users\김아름\Desktop\3차프젝\frontend\functions\node_modules\.bin\firebase-functions'
[info] Serving at port 8987

[debug] [2024-01-02T07:32:03.573Z] Got response from /__/functions.yaml {"endpoints":{"api":{"platform":"gcfv1","availableMemoryMb":null,"timeoutSeconds":null,"minInstances":null,"maxInstances":null,"ingressSettings":null,"serviceAccountEmail":null,"vpc":null,"httpsTrigger":{},"entryPoint":"api"}},"specVersion":"v1alpha1","requiredAPIs":[]}
[debug] [2024-01-02T07:32:03.599Z] [functions] Loaded functions definitions from source: api.
[debug] [2024-01-02T07:33:10.416Z] DEBUG: File C:\Users\김아름\Desktop\3차프젝\frontend\functions\index.js changed, reloading triggers
[debug] [2024-01-02T07:33:11.429Z] Validating nodejs source
[debug] [2024-01-02T07:33:14.343Z] > [functions] package.json contents: {
  "name": "functions",
  "description": "Cloud Functions for Firebase",
  "scripts": {
    "serve": "firebase emulators:start --only functions",
    "shell": "firebase functions:shell",
    "start": "npm run shell",
    "deploy": "firebase deploy --only functions",
    "logs": "firebase functions:log"
  },
  "engines": {
    "node": "18"
  },
  "main": "index.js",
  "dependencies": {
    "busboy": "^1.6.0",
    "cors": "^2.8.5",
    "firebase-admin": "^11.8.0",
    "firebase-functions": "^4.3.1",
    "formidable": "^3.5.1",
    "multer": "^1.4.5-lts.1"
  },
  "devDependencies": {
    "firebase-functions-test": "^3.1.0"
  },
  "private": true
}
[debug] [2024-01-02T07:33:14.343Z] Building nodejs source
[debug] [2024-01-02T07:33:14.344Z] Failed to find version of module node: reached end of search path C:\Users\김아름\Desktop\3차프젝\frontend\functions\node_modules
[info] +  functions: Using node@18 from host. 
[debug] [2024-01-02T07:33:14.346Z] Could not find functions.yaml. Must use http discovery
[debug] [2024-01-02T07:33:14.353Z] Found firebase-functions binary at 'C:\Users\김아름\Desktop\3차프젝\frontend\functions\node_modules\.bin\firebase-functions'
[debug] [2024-01-02T07:33:14.389Z] DEBUG: File C:\Users\김아름\Desktop\3차프젝\frontend\functions\index.js changed, reloading triggers
[info] Serving at port 8928

[debug] [2024-01-02T07:33:15.404Z] Validating nodejs source
[debug] [2024-01-02T07:33:18.995Z] > [functions] package.json contents: {
  "name": "functions",
  "description": "Cloud Functions for Firebase",
  "scripts": {
    "serve": "firebase emulators:start --only functions",
    "shell": "firebase functions:shell",
    "start": "npm run shell",
    "deploy": "firebase deploy --only functions",
    "logs": "firebase functions:log"
  },
  "engines": {
    "node": "18"
  },
  "main": "index.js",
  "dependencies": {
    "busboy": "^1.6.0",
    "cors": "^2.8.5",
    "firebase-admin": "^11.8.0",
    "firebase-functions": "^4.3.1",
    "formidable": "^3.5.1",
    "multer": "^1.4.5-lts.1"
  },
  "devDependencies": {
    "firebase-functions-test": "^3.1.0"
  },
  "private": true
}
[debug] [2024-01-02T07:33:18.995Z] Building nodejs source
[debug] [2024-01-02T07:33:18.995Z] Failed to find version of module node: reached end of search path C:\Users\김아름\Desktop\3차프젝\frontend\functions\node_modules
[info] +  functions: Using node@18 from host. 
[debug] [2024-01-02T07:33:18.999Z] Got response from /__/functions.yaml {"endpoints":{"api":{"platform":"gcfv1","availableMemoryMb":null,"timeoutSeconds":null,"minInstances":null,"maxInstances":null,"ingressSettings":null,"serviceAccountEmail":null,"vpc":null,"httpsTrigger":{},"entryPoint":"api"}},"specVersion":"v1alpha1","requiredAPIs":[]}
[debug] [2024-01-02T07:33:19.000Z] Could not find functions.yaml. Must use http discovery
[debug] [2024-01-02T07:33:19.015Z] Found firebase-functions binary at 'C:\Users\김아름\Desktop\3차프젝\frontend\functions\node_modules\.bin\firebase-functions'
[debug] [2024-01-02T07:33:19.080Z] [functions] Loaded functions definitions from source: api.
[info] Serving at port 8766

[debug] [2024-01-02T07:33:20.248Z] Got response from /__/functions.yaml {"endpoints":{"api":{"platform":"gcfv1","availableMemoryMb":null,"timeoutSeconds":null,"minInstances":null,"maxInstances":null,"ingressSettings":null,"serviceAccountEmail":null,"vpc":null,"httpsTrigger":{},"entryPoint":"api"}},"specVersion":"v1alpha1","requiredAPIs":[]}
[debug] [2024-01-02T07:33:20.279Z] [functions] Loaded functions definitions from source: api.
[debug] [2024-01-02T07:33:25.490Z] DEBUG: File C:\Users\김아름\Desktop\3차프젝\frontend\functions\index.js changed, reloading triggers
[debug] [2024-01-02T07:33:26.497Z] Validating nodejs source
[debug] [2024-01-02T07:33:28.851Z] > [functions] package.json contents: {
  "name": "functions",
  "description": "Cloud Functions for Firebase",
  "scripts": {
    "serve": "firebase emulators:start --only functions",
    "shell": "firebase functions:shell",
    "start": "npm run shell",
    "deploy": "firebase deploy --only functions",
    "logs": "firebase functions:log"
  },
  "engines": {
    "node": "18"
  },
  "main": "index.js",
  "dependencies": {
    "busboy": "^1.6.0",
    "cors": "^2.8.5",
    "firebase-admin": "^11.8.0",
    "firebase-functions": "^4.3.1",
    "formidable": "^3.5.1",
    "multer": "^1.4.5-lts.1"
  },
  "devDependencies": {
    "firebase-functions-test": "^3.1.0"
  },
  "private": true
}
[debug] [2024-01-02T07:33:28.852Z] Building nodejs source
[debug] [2024-01-02T07:33:28.852Z] Failed to find version of module node: reached end of search path C:\Users\김아름\Desktop\3차프젝\frontend\functions\node_modules
[info] +  functions: Using node@18 from host. 
[debug] [2024-01-02T07:33:28.859Z] Could not find functions.yaml. Must use http discovery
[debug] [2024-01-02T07:33:28.871Z] Found firebase-functions binary at 'C:\Users\김아름\Desktop\3차프젝\frontend\functions\node_modules\.bin\firebase-functions'
[info] Serving at port 8826

[debug] [2024-01-02T07:33:30.078Z] Got response from /__/functions.yaml {"endpoints":{"api":{"platform":"gcfv1","availableMemoryMb":null,"timeoutSeconds":null,"minInstances":null,"maxInstances":null,"ingressSettings":null,"serviceAccountEmail":null,"vpc":null,"httpsTrigger":{},"entryPoint":"api"}},"specVersion":"v1alpha1","requiredAPIs":[]}
[debug] [2024-01-02T07:33:30.104Z] [functions] Loaded functions definitions from source: api.
[debug] [2024-01-02T07:33:49.969Z] DEBUG: File C:\Users\김아름\Desktop\3차프젝\frontend\functions\index.js changed, reloading triggers
[debug] [2024-01-02T07:33:50.980Z] Validating nodejs source
[debug] [2024-01-02T07:33:54.356Z] > [functions] package.json contents: {
  "name": "functions",
  "description": "Cloud Functions for Firebase",
  "scripts": {
    "serve": "firebase emulators:start --only functions",
    "shell": "firebase functions:shell",
    "start": "npm run shell",
    "deploy": "firebase deploy --only functions",
    "logs": "firebase functions:log"
  },
  "engines": {
    "node": "18"
  },
  "main": "index.js",
  "dependencies": {
    "busboy": "^1.6.0",
    "cors": "^2.8.5",
    "firebase-admin": "^11.8.0",
    "firebase-functions": "^4.3.1",
    "formidable": "^3.5.1",
    "multer": "^1.4.5-lts.1"
  },
  "devDependencies": {
    "firebase-functions-test": "^3.1.0"
  },
  "private": true
}
[debug] [2024-01-02T07:33:54.356Z] Building nodejs source
[debug] [2024-01-02T07:33:54.356Z] Failed to find version of module node: reached end of search path C:\Users\김아름\Desktop\3차프젝\frontend\functions\node_modules
[info] +  functions: Using node@18 from host. 
[debug] [2024-01-02T07:33:54.359Z] Could not find functions.yaml. Must use http discovery
[debug] [2024-01-02T07:33:54.366Z] Found firebase-functions binary at 'C:\Users\김아름\Desktop\3차프젝\frontend\functions\node_modules\.bin\firebase-functions'
[debug] [2024-01-02T07:33:54.395Z] DEBUG: File C:\Users\김아름\Desktop\3차프젝\frontend\functions\index.js changed, reloading triggers
[info] Serving at port 8687

[error] C:\Users\김아름\Desktop\3차프젝\frontend\functions\index.js:81
 		Busboy 인스턴스를 생성하는 새로운 방식
 		       ^^^^^

SyntaxError: Unexpected identifier
    at internalCompileFunction (node:internal/vm:73:18)
    at wrapSafe (node:internal/modules/cjs/loader:1178:20)
    at Module._compile (node:internal/modules/cjs/loader:1220:27)
    at Module._extensions..js (node:internal/modules/cjs/loader:1310:10)
    at Module.load (node:internal/modules/cjs/loader:1119:32)
    at Module._load (node:internal/modules/cjs/loader:960:12)
    at Module.require (node:internal/modules/cjs/loader:1143:19)
    at require (node:internal/modules/cjs/helpers:119:18)
    at loadModule (C:\Users\김아름\Desktop\3차프젝\frontend\functions\node_modules\firebase-functions\lib\runtime\loader.js:40:16)
    at loadStack (C:\Users\김아름\Desktop\3차프젝\frontend\functions\node_modules\firebase-functions\lib\runtime\loader.js:93:23)

[debug] [2024-01-02T07:33:54.862Z] Got response code 400; body Failed to generate manifest from function source: SyntaxError: Unexpected identifier
[error] !!  functions: Failed to load function definition from source: FirebaseError: Functions codebase could not be analyzed successfully. It may have a syntax or runtime error {"metadata":{"emulator":{"name":"functions"},"message":"Failed to load function definition from source: FirebaseError: Functions codebase could not be analyzed successfully. It may have a syntax or runtime error"}}
[debug] [2024-01-02T07:33:55.406Z] Validating nodejs source
[debug] [2024-01-02T07:33:58.219Z] > [functions] package.json contents: {
  "name": "functions",
  "description": "Cloud Functions for Firebase",
  "scripts": {
    "serve": "firebase emulators:start --only functions",
    "shell": "firebase functions:shell",
    "start": "npm run shell",
    "deploy": "firebase deploy --only functions",
    "logs": "firebase functions:log"
  },
  "engines": {
    "node": "18"
  },
  "main": "index.js",
  "dependencies": {
    "busboy": "^1.6.0",
    "cors": "^2.8.5",
    "firebase-admin": "^11.8.0",
    "firebase-functions": "^4.3.1",
    "formidable": "^3.5.1",
    "multer": "^1.4.5-lts.1"
  },
  "devDependencies": {
    "firebase-functions-test": "^3.1.0"
  },
  "private": true
}
[debug] [2024-01-02T07:33:58.219Z] Building nodejs source
[debug] [2024-01-02T07:33:58.219Z] Failed to find version of module node: reached end of search path C:\Users\김아름\Desktop\3차프젝\frontend\functions\node_modules
[info] +  functions: Using node@18 from host. 
[debug] [2024-01-02T07:33:58.228Z] Could not find functions.yaml. Must use http discovery
[debug] [2024-01-02T07:33:58.239Z] Found firebase-functions binary at 'C:\Users\김아름\Desktop\3차프젝\frontend\functions\node_modules\.bin\firebase-functions'
[info] Serving at port 8202

[error] C:\Users\김아름\Desktop\3차프젝\frontend\functions\index.js:81
 		Busboy 인스턴스를 생성하는 새로운 방식
 		       ^^^^^

SyntaxError: Unexpected identifier
    at internalCompileFunction (node:internal/vm:73:18)
    at wrapSafe (node:internal/modules/cjs/loader:1178:20)
    at Module._compile (node:internal/modules/cjs/loader:1220:27)
    at Module._extensions..js (node:internal/modules/cjs/loader:1310:10)
    at Module.load (node:internal/modules/cjs/loader:1119:32)
    at Module._load (node:internal/modules/cjs/loader:960:12)
    at Module.require (node:internal/modules/cjs/loader:1143:19)
    at require (node:internal/modules/cjs/helpers:119:18)
    at loadModule (C:\Users\김아름\Desktop\3차프젝\frontend\functions\node_modules\firebase-functions\lib\runtime\loader.js:40:16)
    at loadStack (C:\Users\김아름\Desktop\3차프젝\frontend\functions\node_modules\firebase-functions\lib\runtime\loader.js:93:23)

[debug] [2024-01-02T07:33:58.867Z] Got response code 400; body Failed to generate manifest from function source: SyntaxError: Unexpected identifier
[error] !!  functions: Failed to load function definition from source: FirebaseError: Functions codebase could not be analyzed successfully. It may have a syntax or runtime error {"metadata":{"emulator":{"name":"functions"},"message":"Failed to load function definition from source: FirebaseError: Functions codebase could not be analyzed successfully. It may have a syntax or runtime error"}}
[debug] [2024-01-02T07:34:02.109Z] DEBUG: File C:\Users\김아름\Desktop\3차프젝\frontend\functions\index.js changed, reloading triggers
[debug] [2024-01-02T07:34:03.116Z] Validating nodejs source
[debug] [2024-01-02T07:34:06.116Z] > [functions] package.json contents: {
  "name": "functions",
  "description": "Cloud Functions for Firebase",
  "scripts": {
    "serve": "firebase emulators:start --only functions",
    "shell": "firebase functions:shell",
    "start": "npm run shell",
    "deploy": "firebase deploy --only functions",
    "logs": "firebase functions:log"
  },
  "engines": {
    "node": "18"
  },
  "main": "index.js",
  "dependencies": {
    "busboy": "^1.6.0",
    "cors": "^2.8.5",
    "firebase-admin": "^11.8.0",
    "firebase-functions": "^4.3.1",
    "formidable": "^3.5.1",
    "multer": "^1.4.5-lts.1"
  },
  "devDependencies": {
    "firebase-functions-test": "^3.1.0"
  },
  "private": true
}
[debug] [2024-01-02T07:34:06.116Z] Building nodejs source
[debug] [2024-01-02T07:34:06.116Z] Failed to find version of module node: reached end of search path C:\Users\김아름\Desktop\3차프젝\frontend\functions\node_modules
[info] +  functions: Using node@18 from host. 
[debug] [2024-01-02T07:34:06.119Z] Could not find functions.yaml. Must use http discovery
[debug] [2024-01-02T07:34:06.126Z] Found firebase-functions binary at 'C:\Users\김아름\Desktop\3차프젝\frontend\functions\node_modules\.bin\firebase-functions'
[info] Serving at port 8894

[debug] [2024-01-02T07:34:07.139Z] Got response from /__/functions.yaml {"endpoints":{"api":{"platform":"gcfv1","availableMemoryMb":null,"timeoutSeconds":null,"minInstances":null,"maxInstances":null,"ingressSettings":null,"serviceAccountEmail":null,"vpc":null,"httpsTrigger":{},"entryPoint":"api"}},"specVersion":"v1alpha1","requiredAPIs":[]}
[debug] [2024-01-02T07:34:07.165Z] [functions] Loaded functions definitions from source: api.
[debug] [2024-01-02T07:34:56.948Z] DEBUG: File C:\Users\김아름\Desktop\3차프젝\frontend\functions\index.js changed, reloading triggers
[debug] [2024-01-02T07:34:57.951Z] Validating nodejs source
[debug] [2024-01-02T07:35:00.553Z] > [functions] package.json contents: {
  "name": "functions",
  "description": "Cloud Functions for Firebase",
  "scripts": {
    "serve": "firebase emulators:start --only functions",
    "shell": "firebase functions:shell",
    "start": "npm run shell",
    "deploy": "firebase deploy --only functions",
    "logs": "firebase functions:log"
  },
  "engines": {
    "node": "18"
  },
  "main": "index.js",
  "dependencies": {
    "busboy": "^1.6.0",
    "cors": "^2.8.5",
    "firebase-admin": "^11.8.0",
    "firebase-functions": "^4.3.1",
    "formidable": "^3.5.1",
    "multer": "^1.4.5-lts.1"
  },
  "devDependencies": {
    "firebase-functions-test": "^3.1.0"
  },
  "private": true
}
[debug] [2024-01-02T07:35:00.554Z] Building nodejs source
[debug] [2024-01-02T07:35:00.554Z] Failed to find version of module node: reached end of search path C:\Users\김아름\Desktop\3차프젝\frontend\functions\node_modules
[info] +  functions: Using node@18 from host. 
[debug] [2024-01-02T07:35:00.557Z] Could not find functions.yaml. Must use http discovery
[debug] [2024-01-02T07:35:00.565Z] Found firebase-functions binary at 'C:\Users\김아름\Desktop\3차프젝\frontend\functions\node_modules\.bin\firebase-functions'
[info] Serving at port 8549

[debug] [2024-01-02T07:35:02.445Z] Got response from /__/functions.yaml {"endpoints":{"api":{"platform":"gcfv1","availableMemoryMb":null,"timeoutSeconds":null,"minInstances":null,"maxInstances":null,"ingressSettings":null,"serviceAccountEmail":null,"vpc":null,"httpsTrigger":{},"entryPoint":"api"}},"specVersion":"v1alpha1","requiredAPIs":[]}
[debug] [2024-01-02T07:35:02.476Z] [functions] Loaded functions definitions from source: api.
[debug] [2024-01-02T07:35:08.530Z] DEBUG: File C:\Users\김아름\Desktop\3차프젝\frontend\functions\index.js changed, reloading triggers
[debug] [2024-01-02T07:35:09.532Z] Validating nodejs source
[debug] [2024-01-02T07:35:12.111Z] > [functions] package.json contents: {
  "name": "functions",
  "description": "Cloud Functions for Firebase",
  "scripts": {
    "serve": "firebase emulators:start --only functions",
    "shell": "firebase functions:shell",
    "start": "npm run shell",
    "deploy": "firebase deploy --only functions",
    "logs": "firebase functions:log"
  },
  "engines": {
    "node": "18"
  },
  "main": "index.js",
  "dependencies": {
    "busboy": "^1.6.0",
    "cors": "^2.8.5",
    "firebase-admin": "^11.8.0",
    "firebase-functions": "^4.3.1",
    "formidable": "^3.5.1",
    "multer": "^1.4.5-lts.1"
  },
  "devDependencies": {
    "firebase-functions-test": "^3.1.0"
  },
  "private": true
}
[debug] [2024-01-02T07:35:12.112Z] Building nodejs source
[debug] [2024-01-02T07:35:12.113Z] Failed to find version of module node: reached end of search path C:\Users\김아름\Desktop\3차프젝\frontend\functions\node_modules
[info] +  functions: Using node@18 from host. 
[debug] [2024-01-02T07:35:12.120Z] Could not find functions.yaml. Must use http discovery
[debug] [2024-01-02T07:35:12.132Z] Found firebase-functions binary at 'C:\Users\김아름\Desktop\3차프젝\frontend\functions\node_modules\.bin\firebase-functions'
[info] Serving at port 8912

[debug] [2024-01-02T07:35:13.596Z] Got response from /__/functions.yaml {"endpoints":{"api":{"platform":"gcfv1","availableMemoryMb":null,"timeoutSeconds":null,"minInstances":null,"maxInstances":null,"ingressSettings":null,"serviceAccountEmail":null,"vpc":null,"httpsTrigger":{},"entryPoint":"api"}},"specVersion":"v1alpha1","requiredAPIs":[]}
[debug] [2024-01-02T07:35:13.625Z] [functions] Loaded functions definitions from source: api.
[debug] [2024-01-02T07:37:03.882Z] DEBUG: File C:\Users\김아름\Desktop\3차프젝\frontend\functions\package.json changed, reloading triggers
[debug] [2024-01-02T07:37:04.055Z] DEBUG: File C:\Users\김아름\Desktop\3차프젝\frontend\functions\package-lock.json changed, reloading triggers
[debug] [2024-01-02T07:37:05.110Z] Validating nodejs source
[debug] [2024-01-02T07:37:09.873Z] > [functions] package.json contents: {
  "name": "functions",
  "description": "Cloud Functions for Firebase",
  "scripts": {
    "serve": "firebase emulators:start --only functions",
    "shell": "firebase functions:shell",
    "start": "npm run shell",
    "deploy": "firebase deploy --only functions",
    "logs": "firebase functions:log"
  },
  "engines": {
    "node": "18"
  },
  "main": "index.js",
  "dependencies": {
    "axios": "^1.6.3",
    "busboy": "^1.6.0",
    "cors": "^2.8.5",
    "firebase-admin": "^11.8.0",
    "firebase-functions": "^4.3.1",
    "formidable": "^3.5.1",
    "multer": "^1.4.5-lts.1"
  },
  "devDependencies": {
    "firebase-functions-test": "^3.1.0"
  },
  "private": true
}
[debug] [2024-01-02T07:37:09.874Z] Building nodejs source
[debug] [2024-01-02T07:37:09.874Z] Failed to find version of module node: reached end of search path C:\Users\김아름\Desktop\3차프젝\frontend\functions\node_modules
[info] +  functions: Using node@18 from host. 
[debug] [2024-01-02T07:37:09.876Z] Could not find functions.yaml. Must use http discovery
[debug] [2024-01-02T07:37:09.888Z] Found firebase-functions binary at 'C:\Users\김아름\Desktop\3차프젝\frontend\functions\node_modules\.bin\firebase-functions'
[info] Serving at port 8819

[debug] [2024-01-02T07:37:11.141Z] Got response from /__/functions.yaml {"endpoints":{"api":{"platform":"gcfv1","availableMemoryMb":null,"timeoutSeconds":null,"minInstances":null,"maxInstances":null,"ingressSettings":null,"serviceAccountEmail":null,"vpc":null,"httpsTrigger":{},"entryPoint":"api"}},"specVersion":"v1alpha1","requiredAPIs":[]}
[debug] [2024-01-02T07:37:11.166Z] [functions] Loaded functions definitions from source: api.
[debug] [2024-01-02T07:42:52.970Z] DEBUG: File C:\Users\김아름\Desktop\3차프젝\frontend\functions\index.js changed, reloading triggers
[debug] [2024-01-02T07:42:54.002Z] Validating nodejs source
[debug] [2024-01-02T07:42:57.730Z] > [functions] package.json contents: {
  "name": "functions",
  "description": "Cloud Functions for Firebase",
  "scripts": {
    "serve": "firebase emulators:start --only functions",
    "shell": "firebase functions:shell",
    "start": "npm run shell",
    "deploy": "firebase deploy --only functions",
    "logs": "firebase functions:log"
  },
  "engines": {
    "node": "18"
  },
  "main": "index.js",
  "dependencies": {
    "axios": "^1.6.3",
    "busboy": "^1.6.0",
    "cors": "^2.8.5",
    "firebase-admin": "^11.8.0",
    "firebase-functions": "^4.3.1",
    "formidable": "^3.5.1",
    "multer": "^1.4.5-lts.1"
  },
  "devDependencies": {
    "firebase-functions-test": "^3.1.0"
  },
  "private": true
}
[debug] [2024-01-02T07:42:57.732Z] Building nodejs source
[debug] [2024-01-02T07:42:57.732Z] Failed to find version of module node: reached end of search path C:\Users\김아름\Desktop\3차프젝\frontend\functions\node_modules
[info] +  functions: Using node@18 from host. 
[debug] [2024-01-02T07:42:57.738Z] Could not find functions.yaml. Must use http discovery
[debug] [2024-01-02T07:42:57.753Z] Found firebase-functions binary at 'C:\Users\김아름\Desktop\3차프젝\frontend\functions\node_modules\.bin\firebase-functions'
[debug] [2024-01-02T07:42:57.807Z] DEBUG: File C:\Users\김아름\Desktop\3차프젝\frontend\functions\index.js changed, reloading triggers
[debug] [2024-01-02T07:42:58.811Z] Validating nodejs source
[debug] [2024-01-02T07:43:01.901Z] > [functions] package.json contents: {
  "name": "functions",
  "description": "Cloud Functions for Firebase",
  "scripts": {
    "serve": "firebase emulators:start --only functions",
    "shell": "firebase functions:shell",
    "start": "npm run shell",
    "deploy": "firebase deploy --only functions",
    "logs": "firebase functions:log"
  },
  "engines": {
    "node": "18"
  },
  "main": "index.js",
  "dependencies": {
    "axios": "^1.6.3",
    "busboy": "^1.6.0",
    "cors": "^2.8.5",
    "firebase-admin": "^11.8.0",
    "firebase-functions": "^4.3.1",
    "formidable": "^3.5.1",
    "multer": "^1.4.5-lts.1"
  },
  "devDependencies": {
    "firebase-functions-test": "^3.1.0"
  },
  "private": true
}
[debug] [2024-01-02T07:43:01.901Z] Building nodejs source
[debug] [2024-01-02T07:43:01.902Z] Failed to find version of module node: reached end of search path C:\Users\김아름\Desktop\3차프젝\frontend\functions\node_modules
[info] +  functions: Using node@18 from host. 
[debug] [2024-01-02T07:43:01.904Z] Could not find functions.yaml. Must use http discovery
[debug] [2024-01-02T07:43:01.909Z] Found firebase-functions binary at 'C:\Users\김아름\Desktop\3차프젝\frontend\functions\node_modules\.bin\firebase-functions'
[info] Serving at port 8270

[info] Serving at port 8647

[debug] [2024-01-02T07:43:02.887Z] Got response from /__/functions.yaml {"endpoints":{"api":{"platform":"gcfv1","availableMemoryMb":null,"timeoutSeconds":null,"minInstances":null,"maxInstances":null,"ingressSettings":null,"serviceAccountEmail":null,"vpc":null,"httpsTrigger":{},"entryPoint":"api"}},"specVersion":"v1alpha1","requiredAPIs":[]}
[debug] [2024-01-02T07:43:02.919Z] [functions] Loaded functions definitions from source: api.
[debug] [2024-01-02T07:43:03.105Z] Got response from /__/functions.yaml {"endpoints":{"api":{"platform":"gcfv1","availableMemoryMb":null,"timeoutSeconds":null,"minInstances":null,"maxInstances":null,"ingressSettings":null,"serviceAccountEmail":null,"vpc":null,"httpsTrigger":{},"entryPoint":"api"}},"specVersion":"v1alpha1","requiredAPIs":[]}
[debug] [2024-01-02T07:43:03.144Z] [functions] Loaded functions definitions from source: api.
[debug] [2024-01-02T07:49:41.385Z] DEBUG: File C:\Users\김아름\Desktop\3차프젝\frontend\functions\index.js changed, reloading triggers
[debug] [2024-01-02T07:49:42.400Z] Validating nodejs source
[debug] [2024-01-02T07:49:45.381Z] > [functions] package.json contents: {
  "name": "functions",
  "description": "Cloud Functions for Firebase",
  "scripts": {
    "serve": "firebase emulators:start --only functions",
    "shell": "firebase functions:shell",
    "start": "npm run shell",
    "deploy": "firebase deploy --only functions",
    "logs": "firebase functions:log"
  },
  "engines": {
    "node": "18"
  },
  "main": "index.js",
  "dependencies": {
    "axios": "^1.6.3",
    "busboy": "^1.6.0",
    "cors": "^2.8.5",
    "firebase-admin": "^11.8.0",
    "firebase-functions": "^4.3.1",
    "formidable": "^3.5.1",
    "multer": "^1.4.5-lts.1"
  },
  "devDependencies": {
    "firebase-functions-test": "^3.1.0"
  },
  "private": true
}
[debug] [2024-01-02T07:49:45.381Z] Building nodejs source
[debug] [2024-01-02T07:49:45.381Z] Failed to find version of module node: reached end of search path C:\Users\김아름\Desktop\3차프젝\frontend\functions\node_modules
[info] +  functions: Using node@18 from host. 
[debug] [2024-01-02T07:49:45.384Z] Could not find functions.yaml. Must use http discovery
[debug] [2024-01-02T07:49:45.391Z] Found firebase-functions binary at 'C:\Users\김아름\Desktop\3차프젝\frontend\functions\node_modules\.bin\firebase-functions'
[info] Serving at port 8762

[debug] [2024-01-02T07:49:46.810Z] Got response from /__/functions.yaml {"endpoints":{"api":{"platform":"gcfv1","availableMemoryMb":null,"timeoutSeconds":null,"minInstances":null,"maxInstances":null,"ingressSettings":null,"serviceAccountEmail":null,"vpc":null,"httpsTrigger":{},"entryPoint":"api"}},"specVersion":"v1alpha1","requiredAPIs":[]}
[debug] [2024-01-02T07:49:46.834Z] [functions] Loaded functions definitions from source: api.
[debug] [2024-01-02T07:49:53.688Z] DEBUG: File C:\Users\김아름\Desktop\3차프젝\frontend\functions\index.js changed, reloading triggers
[debug] [2024-01-02T07:49:54.703Z] Validating nodejs source
[debug] [2024-01-02T07:49:57.011Z] > [functions] package.json contents: {
  "name": "functions",
  "description": "Cloud Functions for Firebase",
  "scripts": {
    "serve": "firebase emulators:start --only functions",
    "shell": "firebase functions:shell",
    "start": "npm run shell",
    "deploy": "firebase deploy --only functions",
    "logs": "firebase functions:log"
  },
  "engines": {
    "node": "18"
  },
  "main": "index.js",
  "dependencies": {
    "axios": "^1.6.3",
    "busboy": "^1.6.0",
    "cors": "^2.8.5",
    "firebase-admin": "^11.8.0",
    "firebase-functions": "^4.3.1",
    "formidable": "^3.5.1",
    "multer": "^1.4.5-lts.1"
  },
  "devDependencies": {
    "firebase-functions-test": "^3.1.0"
  },
  "private": true
}
[debug] [2024-01-02T07:49:57.012Z] Building nodejs source
[debug] [2024-01-02T07:49:57.012Z] Failed to find version of module node: reached end of search path C:\Users\김아름\Desktop\3차프젝\frontend\functions\node_modules
[info] +  functions: Using node@18 from host. 
[debug] [2024-01-02T07:49:57.016Z] Could not find functions.yaml. Must use http discovery
[debug] [2024-01-02T07:49:57.021Z] Found firebase-functions binary at 'C:\Users\김아름\Desktop\3차프젝\frontend\functions\node_modules\.bin\firebase-functions'
[info] Serving at port 8282

[debug] [2024-01-02T07:49:58.276Z] Got response from /__/functions.yaml {"endpoints":{"api":{"platform":"gcfv1","availableMemoryMb":null,"timeoutSeconds":null,"minInstances":null,"maxInstances":null,"ingressSettings":null,"serviceAccountEmail":null,"vpc":null,"httpsTrigger":{},"entryPoint":"api"}},"specVersion":"v1alpha1","requiredAPIs":[]}
[debug] [2024-01-02T07:49:58.309Z] [functions] Loaded functions definitions from source: api.
[debug] [2024-01-02T07:54:09.318Z] DEBUG: File C:\Users\김아름\Desktop\3차프젝\frontend\functions\index.js changed, reloading triggers
[debug] [2024-01-02T07:54:10.334Z] Validating nodejs source
[debug] [2024-01-02T07:54:13.570Z] > [functions] package.json contents: {
  "name": "functions",
  "description": "Cloud Functions for Firebase",
  "scripts": {
    "serve": "firebase emulators:start --only functions",
    "shell": "firebase functions:shell",
    "start": "npm run shell",
    "deploy": "firebase deploy --only functions",
    "logs": "firebase functions:log"
  },
  "engines": {
    "node": "18"
  },
  "main": "index.js",
  "dependencies": {
    "axios": "^1.6.3",
    "busboy": "^1.6.0",
    "cors": "^2.8.5",
    "firebase-admin": "^11.8.0",
    "firebase-functions": "^4.3.1",
    "formidable": "^3.5.1",
    "multer": "^1.4.5-lts.1"
  },
  "devDependencies": {
    "firebase-functions-test": "^3.1.0"
  },
  "private": true
}
[debug] [2024-01-02T07:54:13.571Z] Building nodejs source
[debug] [2024-01-02T07:54:13.571Z] Failed to find version of module node: reached end of search path C:\Users\김아름\Desktop\3차프젝\frontend\functions\node_modules
[info] +  functions: Using node@18 from host. 
[debug] [2024-01-02T07:54:13.572Z] Could not find functions.yaml. Must use http discovery
[debug] [2024-01-02T07:54:13.579Z] Found firebase-functions binary at 'C:\Users\김아름\Desktop\3차프젝\frontend\functions\node_modules\.bin\firebase-functions'
[debug] [2024-01-02T07:54:13.609Z] DEBUG: File C:\Users\김아름\Desktop\3차프젝\frontend\functions\index.js changed, reloading triggers
[info] Serving at port 8808

[error] C:\Users\김아름\Desktop\3차프젝\frontend\functions\index.js:5
\
^

SyntaxError: Invalid or unexpected token
    at internalCompileFunction (node:internal/vm:73:18)
    at wrapSafe (node:internal/modules/cjs/loader:1178:20)
    at Module._compile (node:internal/modules/cjs/loader:1220:27)
    at Module._extensions..js (node:internal/modules/cjs/loader:1310:10)
    at Module.load (node:internal/modules/cjs/loader:1119:32)
    at Module._load (node:internal/modules/cjs/loader:960:12)
    at Module.require (node:internal/modules/cjs/loader:1143:19)
    at require (node:internal/modules/cjs/helpers:119:18)
    at loadModule (C:\Users\김아름\Desktop\3차프젝\frontend\functions\node_modules\firebase-functions\lib\runtime\loader.js:40:16)
    at loadStack (C:\Users\김아름\Desktop\3차프젝\frontend\functions\node_modules\firebase-functions\lib\runtime\loader.js:93:23)

[debug] [2024-01-02T07:54:14.165Z] Got response code 400; body Failed to generate manifest from function source: SyntaxError: Invalid or unexpected token
[error] !!  functions: Failed to load function definition from source: FirebaseError: Functions codebase could not be analyzed successfully. It may have a syntax or runtime error {"metadata":{"emulator":{"name":"functions"},"message":"Failed to load function definition from source: FirebaseError: Functions codebase could not be analyzed successfully. It may have a syntax or runtime error"}}
[debug] [2024-01-02T07:54:14.612Z] Validating nodejs source
[debug] [2024-01-02T07:54:17.795Z] > [functions] package.json contents: {
  "name": "functions",
  "description": "Cloud Functions for Firebase",
  "scripts": {
    "serve": "firebase emulators:start --only functions",
    "shell": "firebase functions:shell",
    "start": "npm run shell",
    "deploy": "firebase deploy --only functions",
    "logs": "firebase functions:log"
  },
  "engines": {
    "node": "18"
  },
  "main": "index.js",
  "dependencies": {
    "axios": "^1.6.3",
    "busboy": "^1.6.0",
    "cors": "^2.8.5",
    "firebase-admin": "^11.8.0",
    "firebase-functions": "^4.3.1",
    "formidable": "^3.5.1",
    "multer": "^1.4.5-lts.1"
  },
  "devDependencies": {
    "firebase-functions-test": "^3.1.0"
  },
  "private": true
}
[debug] [2024-01-02T07:54:17.795Z] Building nodejs source
[debug] [2024-01-02T07:54:17.796Z] Failed to find version of module node: reached end of search path C:\Users\김아름\Desktop\3차프젝\frontend\functions\node_modules
[info] +  functions: Using node@18 from host. 
[debug] [2024-01-02T07:54:17.801Z] Could not find functions.yaml. Must use http discovery
[debug] [2024-01-02T07:54:17.808Z] Found firebase-functions binary at 'C:\Users\김아름\Desktop\3차프젝\frontend\functions\node_modules\.bin\firebase-functions'
[info] Serving at port 8644

[error] C:\Users\김아름\Desktop\3차프젝\frontend\functions\index.js:5
\
^

SyntaxError: Invalid or unexpected token
    at internalCompileFunction (node:internal/vm:73:18)
    at wrapSafe (node:internal/modules/cjs/loader:1178:20)
    at Module._compile (node:internal/modules/cjs/loader:1220:27)
    at Module._extensions..js (node:internal/modules/cjs/loader:1310:10)
    at Module.load (node:internal/modules/cjs/loader:1119:32)
    at Module._load (node:internal/modules/cjs/loader:960:12)
    at Module.require (node:internal/modules/cjs/loader:1143:19)
    at require (node:internal/modules/cjs/helpers:119:18)
    at loadModule (C:\Users\김아름\Desktop\3차프젝\frontend\functions\node_modules\firebase-functions\lib\runtime\loader.js:40:16)
    at loadStack (C:\Users\김아름\Desktop\3차프젝\frontend\functions\node_modules\firebase-functions\lib\runtime\loader.js:93:23)

[debug] [2024-01-02T07:54:18.450Z] Got response code 400; body Failed to generate manifest from function source: SyntaxError: Invalid or unexpected token
[error] !!  functions: Failed to load function definition from source: FirebaseError: Functions codebase could not be analyzed successfully. It may have a syntax or runtime error {"metadata":{"emulator":{"name":"functions"},"message":"Failed to load function definition from source: FirebaseError: Functions codebase could not be analyzed successfully. It may have a syntax or runtime error"}}
[debug] [2024-01-02T07:54:58.014Z] DEBUG: File C:\Users\김아름\Desktop\3차프젝\frontend\functions\index.js changed, reloading triggers
[debug] [2024-01-02T07:54:59.026Z] Validating nodejs source
[debug] [2024-01-02T07:55:01.844Z] > [functions] package.json contents: {
  "name": "functions",
  "description": "Cloud Functions for Firebase",
  "scripts": {
    "serve": "firebase emulators:start --only functions",
    "shell": "firebase functions:shell",
    "start": "npm run shell",
    "deploy": "firebase deploy --only functions",
    "logs": "firebase functions:log"
  },
  "engines": {
    "node": "18"
  },
  "main": "index.js",
  "dependencies": {
    "axios": "^1.6.3",
    "busboy": "^1.6.0",
    "cors": "^2.8.5",
    "firebase-admin": "^11.8.0",
    "firebase-functions": "^4.3.1",
    "formidable": "^3.5.1",
    "multer": "^1.4.5-lts.1"
  },
  "devDependencies": {
    "firebase-functions-test": "^3.1.0"
  },
  "private": true
}
[debug] [2024-01-02T07:55:01.845Z] Building nodejs source
[debug] [2024-01-02T07:55:01.845Z] Failed to find version of module node: reached end of search path C:\Users\김아름\Desktop\3차프젝\frontend\functions\node_modules
[info] +  functions: Using node@18 from host. 
[debug] [2024-01-02T07:55:01.848Z] Could not find functions.yaml. Must use http discovery
[debug] [2024-01-02T07:55:01.855Z] Found firebase-functions binary at 'C:\Users\김아름\Desktop\3차프젝\frontend\functions\node_modules\.bin\firebase-functions'
[info] Serving at port 8412

[debug] [2024-01-02T07:55:02.982Z] Got response from /__/functions.yaml {"endpoints":{"api":{"platform":"gcfv1","availableMemoryMb":null,"timeoutSeconds":null,"minInstances":null,"maxInstances":null,"ingressSettings":null,"serviceAccountEmail":null,"vpc":null,"httpsTrigger":{},"entryPoint":"api"}},"specVersion":"v1alpha1","requiredAPIs":[]}
[debug] [2024-01-02T07:55:03.008Z] [functions] Loaded functions definitions from source: api.
